{
    "license_title": "Creative Commons Attribution",
    "maintainer": "Georg Hagmann",
    "relationships_as_object": [],
    "private": false,
    "maintainer_email": "georg.hagmann@tuwien.ac.at",
    "num_tags": 0,
    "id": "a7a46b18-14fd-49fe-a233-0abf51a70fb6",
    "metadata_created": "2018-05-29T08:30:03.450492",
    "metadata_modified": "2018-05-29T08:30:03.667532",
    "author": "Georg Hagmann",
    "author_email": "georg.hagmann@tuwien.ac.at",
    "state": "active",
    "version": "1.0",
    "creator_user_id": "ee5afe16-1674-4c38-9100-d47d7cee610d",
    "type": "dataset",
    "resources": [
        {
            "mimetype": "audio/ogg",
            "cache_url": null,
            "hash": "",
            "description": "Audio File Recorded for DPUE Task 2.",
            "name": "audio_2018-05-21_13-58-10.ogg",
            "format": "audio/ogg",
            "url": "http://localhost:5000/dataset/a7a46b18-14fd-49fe-a233-0abf51a70fb6/resource/ca4c6f09-a371-40af-944c-7aa78b1ab967/download/audio_2018-05-21_13-58-10.ogg",
            "cache_last_updated": null,
            "package_id": "a7a46b18-14fd-49fe-a233-0abf51a70fb6",
            "created": "2018-05-29T08:30:03.681435",
            "state": "active",
            "mimetype_inner": null,
            "last_modified": "2018-05-29T08:30:03.653220",
            "position": 0,
            "revision_id": "a7ca2262-5282-4489-a899-c0a959e05419",
            "url_type": "upload",
            "id": "ca4c6f09-a371-40af-944c-7aa78b1ab967",
            "resource_type": null,
            "size": 14862
        }
    ],
    "num_resources": 1,
    "tags": [],
    "groups": [],
    "license_id": "cc-by",
    "relationships_as_subject": [],
    "organization": {
        "description": "Organization for Testing Purposes",
        "created": "2018-05-29T07:01:25.867127",
        "title": "",
        "name": "organization-for-tests",
        "is_organization": true,
        "state": "active",
        "image_url": "",
        "revision_id": "b9f5b9cb-4a42-4424-bbc0-79d54a641ce3",
        "type": "organization",
        "id": "69af1358-cf57-48dd-890d-c269ba3cc798",
        "approval_status": "approved"
    },
    "name": "audio-sample-1",
    "isopen": true,
    "url": null,
    "notes": "Audio Sample for DPUE 2",
    "owner_org": "69af1358-cf57-48dd-890d-c269ba3cc798",
    "extras": [
        {
            "key": "Bitrate",
            "value": "19.7"
        },
        {
            "key": "Length",
            "value": "6"
        }
    ],
    "license_url": "http://www.opendefinition.org/licenses/cc-by",
    "title": "Audio Sample 1",
    "revision_id": "a4100dcd-118a-4b0e-8144-30712300a3f0"
}
{
    "license_title": "Creative Commons Attribution",
    "maintainer": "Georg Hagmann",
    "relationships_as_object": [],
    "private": false,
    "maintainer_email": "georg.hagmann@tuwien.ac.at",
    "num_tags": 0,
    "id": "b6d8215b-a3a5-43ef-9a0f-76eb7978c732",
    "metadata_created": "2018-05-29T08:30:03.835939",
    "metadata_modified": "2018-05-29T08:30:04.035151",
    "author": "Georg Hagmann",
    "author_email": "georg.hagmann@tuwien.ac.at",
    "state": "active",
    "version": "1.0",
    "creator_user_id": "ee5afe16-1674-4c38-9100-d47d7cee610d",
    "type": "dataset",
    "resources": [
        {
            "mimetype": "audio/ogg",
            "cache_url": null,
            "hash": "",
            "description": "Audio File Recorded for DPUE Task 2.",
            "name": "audio_2018-05-21_13-58-24.ogg",
            "format": "audio/ogg",
            "url": "http://localhost:5000/dataset/b6d8215b-a3a5-43ef-9a0f-76eb7978c732/resource/b7721ee5-5bab-4192-af06-c50943d3e2dd/download/audio_2018-05-21_13-58-24.ogg",
            "cache_last_updated": null,
            "package_id": "b6d8215b-a3a5-43ef-9a0f-76eb7978c732",
            "created": "2018-05-29T08:30:04.047575",
            "state": "active",
            "mimetype_inner": null,
            "last_modified": "2018-05-29T08:30:04.020341",
            "position": 0,
            "revision_id": "6ac69836-e6cf-4f60-8c45-33c52e51ca63",
            "url_type": "upload",
            "id": "b7721ee5-5bab-4192-af06-c50943d3e2dd",
            "resource_type": null,
            "size": 12540
        }
    ],
    "num_resources": 1,
    "tags": [],
    "groups": [],
    "license_id": "cc-by",
    "relationships_as_subject": [],
    "organization": {
        "description": "Organization for Testing Purposes",
        "created": "2018-05-29T07:01:25.867127",
        "title": "",
        "name": "organization-for-tests",
        "is_organization": true,
        "state": "active",
        "image_url": "",
        "revision_id": "b9f5b9cb-4a42-4424-bbc0-79d54a641ce3",
        "type": "organization",
        "id": "69af1358-cf57-48dd-890d-c269ba3cc798",
        "approval_status": "approved"
    },
    "name": "audio-sample-2",
    "isopen": true,
    "url": null,
    "notes": "Audio Sample for DPUE 2",
    "owner_org": "69af1358-cf57-48dd-890d-c269ba3cc798",
    "extras": [
        {
            "key": "Bitrate",
            "value": "20"
        },
        {
            "key": "Length",
            "value": "5"
        }
    ],
    "license_url": "http://www.opendefinition.org/licenses/cc-by",
    "title": "Audio Sample 2",
    "revision_id": "ef339e10-0197-415e-8de0-ceb4d26d6dde"
}
{
    "license_title": "Creative Commons Attribution",
    "maintainer": "Georg Hagmann",
    "relationships_as_object": [],
    "private": false,
    "maintainer_email": "georg.hagmann@tuwien.ac.at",
    "num_tags": 0,
    "id": "4aed535a-65be-48db-99ba-a48d0c7c2466",
    "metadata_created": "2018-05-29T08:30:02.746284",
    "metadata_modified": "2018-05-29T08:30:02.917779",
    "author": "Georg Hagmann",
    "author_email": "georg.hagmann@tuwien.ac.at",
    "state": "active",
    "version": "1.0",
    "creator_user_id": "ee5afe16-1674-4c38-9100-d47d7cee610d",
    "type": "dataset",
    "resources": [
        {
            "mimetype": "video/MP2T",
            "cache_url": null,
            "hash": "",
            "description": "Main class of DPUE Project 1.",
            "name": "app.component.ts",
            "format": "video/MP2T",
            "url": "http://localhost:5000/dataset/4aed535a-65be-48db-99ba-a48d0c7c2466/resource/3fedfd9a-4661-4f9c-94cb-0f8a579a7823/download/app.component.ts",
            "cache_last_updated": null,
            "package_id": "4aed535a-65be-48db-99ba-a48d0c7c2466",
            "created": "2018-05-29T08:30:02.931171",
            "state": "active",
            "mimetype_inner": null,
            "last_modified": "2018-05-29T08:30:02.900940",
            "position": 0,
            "revision_id": "1ca70291-189f-478b-aade-78af6d08ea2d",
            "url_type": "upload",
            "id": "3fedfd9a-4661-4f9c-94cb-0f8a579a7823",
            "resource_type": null,
            "size": 7355
        }
    ],
    "num_resources": 1,
    "tags": [],
    "groups": [],
    "license_id": "cc-by",
    "relationships_as_subject": [],
    "organization": {
        "description": "Organization for Testing Purposes",
        "created": "2018-05-29T07:01:25.867127",
        "title": "",
        "name": "organization-for-tests",
        "is_organization": true,
        "state": "active",
        "image_url": "",
        "revision_id": "b9f5b9cb-4a42-4424-bbc0-79d54a641ce3",
        "type": "organization",
        "id": "69af1358-cf57-48dd-890d-c269ba3cc798",
        "approval_status": "approved"
    },
    "name": "coding-sample-1",
    "isopen": true,
    "url": "https://github.com/alexrashed/tu-dpue-lab2-ss18/blob/master/src/app/app.component.ts",
    "notes": "Coding Sample from DPUE 1.2",
    "owner_org": "69af1358-cf57-48dd-890d-c269ba3cc798",
    "extras": [],
    "license_url": "http://www.opendefinition.org/licenses/cc-by",
    "title": "Coding Sample 1",
    "revision_id": "a4b27cdb-4f9a-4884-bcc0-e00f1465d8d2"
}
{
    "license_title": "Creative Commons Attribution",
    "maintainer": "Georg Hagmann",
    "relationships_as_object": [],
    "private": false,
    "maintainer_email": "georg.hagmann@tuwien.ac.at",
    "num_tags": 0,
    "id": "da082fbc-3bfa-48a1-94e7-07ae4a240046",
    "metadata_created": "2018-05-29T08:30:03.089957",
    "metadata_modified": "2018-05-29T08:30:03.272976",
    "author": "Georg Hagmann",
    "author_email": "georg.hagmann@tuwien.ac.at",
    "state": "active",
    "version": "1.0",
    "creator_user_id": "ee5afe16-1674-4c38-9100-d47d7cee610d",
    "type": "dataset",
    "resources": [
        {
            "mimetype": "text/x-python",
            "cache_url": null,
            "hash": "",
            "description": "Analyzing Program used in DPUE Task 1.",
            "name": "analyze.py",
            "format": "text/x-python",
            "url": "http://localhost:5000/dataset/da082fbc-3bfa-48a1-94e7-07ae4a240046/resource/053069a9-32ff-4225-a4e9-62510a3dc8b4/download/analyze.py",
            "cache_last_updated": null,
            "package_id": "da082fbc-3bfa-48a1-94e7-07ae4a240046",
            "created": "2018-05-29T08:30:03.287228",
            "state": "active",
            "mimetype_inner": null,
            "last_modified": "2018-05-29T08:30:03.259758",
            "position": 0,
            "revision_id": "a5c6570e-4267-4210-896c-5f1b1f6c3427",
            "url_type": "upload",
            "id": "053069a9-32ff-4225-a4e9-62510a3dc8b4",
            "resource_type": null,
            "size": 4457
        }
    ],
    "num_resources": 1,
    "tags": [],
    "groups": [
        {
            "display_name": "Digital Preservation - SS18 - Lab 1.1 - Students Analysis",
            "description": "Combination of different datasets to create a comparison of the total number of students in Germany and Austria from the winter semester 2003 to 2016.",
            "image_display_url": "",
            "title": "Digital Preservation - SS18 - Lab 1.1 - Students Analysis",
            "id": "af59aa59-7c1e-499f-b80b-187e98af65b0",
            "name": "dpue-lab1-1"
        }
    ],
    "license_id": "cc-by",
    "relationships_as_subject": [],
    "organization": {
        "description": "Organization for Testing Purposes",
        "created": "2018-05-29T07:01:25.867127",
        "title": "",
        "name": "organization-for-tests",
        "is_organization": true,
        "state": "active",
        "image_url": "",
        "revision_id": "b9f5b9cb-4a42-4424-bbc0-79d54a641ce3",
        "type": "organization",
        "id": "69af1358-cf57-48dd-890d-c269ba3cc798",
        "approval_status": "approved"
    },
    "name": "coding-sample-2",
    "isopen": true,
    "url": "https://github.com/alexrashed/tu-dpue-lab1-ss18/blob/master/analyze.py",
    "notes": "Coding Sample from DPUE 1.1",
    "owner_org": "69af1358-cf57-48dd-890d-c269ba3cc798",
    "extras": [],
    "license_url": "http://www.opendefinition.org/licenses/cc-by",
    "title": "Coding Sample 2",
    "revision_id": "a7f1d4d7-1214-409a-8e20-df8be2e3377e"
}
{
    "license_title": "Creative Commons Attribution",
    "maintainer": "Georg Hagmann",
    "relationships_as_object": [],
    "private": false,
    "maintainer_email": "georg.hagmann@tuwien.ac.at",
    "num_tags": 0,
    "id": "942c9fb8-81f5-4fd8-88c0-ecb5fca61c23",
    "metadata_created": "2018-05-29T08:30:01.657603",
    "metadata_modified": "2018-05-29T08:30:01.839405",
    "author": "Georg Hagmann",
    "author_email": "georg.hagmann@tuwien.ac.at",
    "state": "active",
    "version": "1.0",
    "creator_user_id": "ee5afe16-1674-4c38-9100-d47d7cee610d",
    "type": "dataset",
    "resources": [
        {
            "mimetype": "text/csv",
            "cache_url": null,
            "hash": "",
            "description": "Generated Dataset from DPUE Task 1",
            "name": "data.csv",
            "format": "CSV",
            "url": "http://localhost:5000/dataset/942c9fb8-81f5-4fd8-88c0-ecb5fca61c23/resource/7bbbad2a-c40a-44a4-90ef-3698689960c5/download/data.csv",
            "cache_last_updated": null,
            "package_id": "942c9fb8-81f5-4fd8-88c0-ecb5fca61c23",
            "created": "2018-05-29T08:30:01.853603",
            "state": "active",
            "mimetype_inner": null,
            "last_modified": "2018-05-29T08:30:01.825553",
            "position": 0,
            "revision_id": "6d631ef0-1683-42e0-9bab-a4ea82460827",
            "url_type": "upload",
            "id": "7bbbad2a-c40a-44a4-90ef-3698689960c5",
            "resource_type": null,
            "size": 325
        }
    ],
    "num_resources": 1,
    "tags": [],
    "groups": [
        {
            "display_name": "Digital Preservation - SS18 - Lab 1.1 - Students Analysis",
            "description": "Combination of different datasets to create a comparison of the total number of students in Germany and Austria from the winter semester 2003 to 2016.",
            "image_display_url": "",
            "title": "Digital Preservation - SS18 - Lab 1.1 - Students Analysis",
            "id": "af59aa59-7c1e-499f-b80b-187e98af65b0",
            "name": "dpue-lab1-1"
        }
    ],
    "license_id": "cc-by",
    "relationships_as_subject": [],
    "organization": {
        "description": "Organization for Testing Purposes",
        "created": "2018-05-29T07:01:25.867127",
        "title": "",
        "name": "organization-for-tests",
        "is_organization": true,
        "state": "active",
        "image_url": "",
        "revision_id": "b9f5b9cb-4a42-4424-bbc0-79d54a641ce3",
        "type": "organization",
        "id": "69af1358-cf57-48dd-890d-c269ba3cc798",
        "approval_status": "approved"
    },
    "name": "data-sample-2-csv",
    "isopen": true,
    "url": "https://github.com/alexrashed/tu-dpue-lab1-ss18/blob/master/output/data.csv",
    "notes": "CSV generated in DPUE Task 1",
    "owner_org": "69af1358-cf57-48dd-890d-c269ba3cc798",
    "extras": [],
    "license_url": "http://www.opendefinition.org/licenses/cc-by",
    "title": "Data Sample 2 CSV",
    "revision_id": "382e84d3-d464-4fd4-a227-5142a1bc70ce"
}
{
    "license_title": "Creative Commons Attribution",
    "maintainer": "Georg Hagmann",
    "relationships_as_object": [],
    "private": false,
    "maintainer_email": "georg.hagmann@tuwien.ac.at",
    "num_tags": 0,
    "id": "7a2b92a7-fb58-4019-a3be-fb83c05644d8",
    "metadata_created": "2018-05-29T08:30:01.245779",
    "metadata_modified": "2018-05-29T08:30:01.471701",
    "author": "Georg Hagmann",
    "author_email": "georg.hagmann@tuwien.ac.at",
    "state": "active",
    "version": "1.0",
    "creator_user_id": "ee5afe16-1674-4c38-9100-d47d7cee610d",
    "type": "dataset",
    "resources": [
        {
            "mimetype": "text/csv",
            "cache_url": null,
            "hash": "",
            "description": "Generated nonsensical data",
            "name": "2017-01-sample.csv",
            "format": "CSV",
            "url": "http://localhost:5000/dataset/7a2b92a7-fb58-4019-a3be-fb83c05644d8/resource/84981723-76b5-46fc-815f-6f8ad29ae91d/download/2017-01-sample.csv",
            "cache_last_updated": null,
            "package_id": "7a2b92a7-fb58-4019-a3be-fb83c05644d8",
            "created": "2018-05-29T08:30:01.485795",
            "state": "active",
            "mimetype_inner": null,
            "last_modified": "2018-05-29T08:30:01.458559",
            "position": 0,
            "revision_id": "b3a6dcbd-de3d-4af7-94bb-7d20a15a9770",
            "url_type": "upload",
            "id": "84981723-76b5-46fc-815f-6f8ad29ae91d",
            "resource_type": null,
            "size": 327638
        }
    ],
    "num_resources": 1,
    "tags": [],
    "groups": [],
    "license_id": "cc-by",
    "relationships_as_subject": [],
    "organization": {
        "description": "Organization for Testing Purposes",
        "created": "2018-05-29T07:01:25.867127",
        "title": "",
        "name": "organization-for-tests",
        "is_organization": true,
        "state": "active",
        "image_url": "",
        "revision_id": "b9f5b9cb-4a42-4424-bbc0-79d54a641ce3",
        "type": "organization",
        "id": "69af1358-cf57-48dd-890d-c269ba3cc798",
        "approval_status": "approved"
    },
    "name": "data-sample-csv",
    "isopen": true,
    "url": null,
    "notes": "A generated CSV-Dataset with nonsensical information ",
    "owner_org": "69af1358-cf57-48dd-890d-c269ba3cc798",
    "extras": [],
    "license_url": "http://www.opendefinition.org/licenses/cc-by",
    "title": "Data Sample CSV",
    "revision_id": "5e39cf90-d60d-42fa-bf01-73ecbdefe08b"
}
{
    "license_title": "Creative Commons Attribution",
    "maintainer": "Georg Hagmann",
    "relationships_as_object": [],
    "private": false,
    "maintainer_email": "georg.hagmann@tuwien.ac.at",
    "num_tags": 0,
    "id": "78af5113-772b-45eb-9198-7f4dcda71dee",
    "metadata_created": "2018-05-29T08:30:05.615970",
    "metadata_modified": "2018-05-29T08:30:05.798959",
    "author": "Georg Hagmann",
    "author_email": "georg.hagmann@tuwien.ac.at",
    "state": "active",
    "version": "1.0",
    "creator_user_id": "ee5afe16-1674-4c38-9100-d47d7cee610d",
    "type": "dataset",
    "resources": [
        {
            "mimetype": "application/pdf",
            "cache_url": null,
            "hash": "",
            "description": "Exercise PDF of Task 2.",
            "name": "Exercise2.pdf",
            "format": "PDF",
            "url": "http://localhost:5000/dataset/78af5113-772b-45eb-9198-7f4dcda71dee/resource/5088ff1f-db7e-4814-9cba-50f2e7fbf830/download/exercise2.pdf",
            "cache_last_updated": null,
            "package_id": "78af5113-772b-45eb-9198-7f4dcda71dee",
            "created": "2018-05-29T08:30:05.812686",
            "state": "active",
            "mimetype_inner": null,
            "last_modified": "2018-05-29T08:30:05.783255",
            "position": 0,
            "revision_id": "d11d6a08-f30a-4bb3-824f-680c6d4e9a5b",
            "url_type": "upload",
            "id": "5088ff1f-db7e-4814-9cba-50f2e7fbf830",
            "resource_type": null,
            "size": 546069
        }
    ],
    "num_resources": 1,
    "tags": [],
    "groups": [],
    "license_id": "cc-by",
    "relationships_as_subject": [],
    "organization": {
        "description": "Organization for Testing Purposes",
        "created": "2018-05-29T07:01:25.867127",
        "title": "",
        "name": "organization-for-tests",
        "is_organization": true,
        "state": "active",
        "image_url": "",
        "revision_id": "b9f5b9cb-4a42-4424-bbc0-79d54a641ce3",
        "type": "organization",
        "id": "69af1358-cf57-48dd-890d-c269ba3cc798",
        "approval_status": "approved"
    },
    "name": "document-sample-1",
    "isopen": true,
    "url": null,
    "notes": "Document Sample for DPUE 1, containing the Exercise PDF of Task 2",
    "owner_org": "69af1358-cf57-48dd-890d-c269ba3cc798",
    "extras": [],
    "license_url": "http://www.opendefinition.org/licenses/cc-by",
    "title": "Document Sample 1",
    "revision_id": "5cffd900-a27c-41e3-9273-006cba47930f"
}
{
    "license_title": "Creative Commons Attribution",
    "maintainer": "Georg Hagmann",
    "relationships_as_object": [],
    "private": false,
    "maintainer_email": "georg.hagmann@tuwien.ac.at",
    "num_tags": 0,
    "id": "9698d87e-d822-49d3-bed9-0b292aef2eca",
    "metadata_created": "2018-05-29T08:30:05.952923",
    "metadata_modified": "2018-05-29T08:30:06.219080",
    "author": "Georg Hagmann",
    "author_email": "georg.hagmann@tuwien.ac.at",
    "state": "active",
    "version": "1.0",
    "creator_user_id": "ee5afe16-1674-4c38-9100-d47d7cee610d",
    "type": "dataset",
    "resources": [
        {
            "mimetype": "application/pdf",
            "cache_url": null,
            "hash": "",
            "description": "Readme of Task 1 of DPUE.",
            "name": "README.pdf",
            "format": "PDF",
            "url": "http://localhost:5000/dataset/9698d87e-d822-49d3-bed9-0b292aef2eca/resource/8018e8d5-1ecc-484a-b327-7136dc22006c/download/readme.pdf",
            "cache_last_updated": null,
            "package_id": "9698d87e-d822-49d3-bed9-0b292aef2eca",
            "created": "2018-05-29T08:30:06.238355",
            "state": "active",
            "mimetype_inner": null,
            "last_modified": "2018-05-29T08:30:06.205078",
            "position": 0,
            "revision_id": "479f3c54-fdaa-4d9d-a44a-8619f79c87d6",
            "url_type": "upload",
            "id": "8018e8d5-1ecc-484a-b327-7136dc22006c",
            "resource_type": null,
            "size": 360030
        }
    ],
    "num_resources": 1,
    "tags": [],
    "groups": [
        {
            "display_name": "Digital Preservation - SS18 - Lab 1.1 - Students Analysis",
            "description": "Combination of different datasets to create a comparison of the total number of students in Germany and Austria from the winter semester 2003 to 2016.",
            "image_display_url": "",
            "title": "Digital Preservation - SS18 - Lab 1.1 - Students Analysis",
            "id": "af59aa59-7c1e-499f-b80b-187e98af65b0",
            "name": "dpue-lab1-1"
        }
    ],
    "license_id": "cc-by",
    "relationships_as_subject": [],
    "organization": {
        "description": "Organization for Testing Purposes",
        "created": "2018-05-29T07:01:25.867127",
        "title": "",
        "name": "organization-for-tests",
        "is_organization": true,
        "state": "active",
        "image_url": "",
        "revision_id": "b9f5b9cb-4a42-4424-bbc0-79d54a641ce3",
        "type": "organization",
        "id": "69af1358-cf57-48dd-890d-c269ba3cc798",
        "approval_status": "approved"
    },
    "name": "document-sample-2",
    "isopen": true,
    "url": "https://github.com/alexrashed/tu-dpue-lab1-ss18/blob/master/docs/README.pdf",
    "notes": "Document Sample for DPUE 2",
    "owner_org": "69af1358-cf57-48dd-890d-c269ba3cc798",
    "extras": [],
    "license_url": "http://www.opendefinition.org/licenses/cc-by",
    "title": "Document Sample 2",
    "revision_id": "1607b05d-aa52-4c9a-a14c-8e70ac41f844"
}
{
    "license_title": "Creative Commons Attribution",
    "maintainer": "Georg Hagmann",
    "relationships_as_object": [],
    "private": false,
    "maintainer_email": "georg.hagmann@tuwien.ac.at",
    "num_tags": 0,
    "id": "251d725c-8575-4a6e-b89b-9fcacd7e56e6",
    "metadata_created": "2018-05-29T08:30:02.024250",
    "metadata_modified": "2018-05-29T08:30:02.210675",
    "author": "Georg Hagmann",
    "author_email": "georg.hagmann@tuwien.ac.at",
    "state": "active",
    "version": "1.0",
    "creator_user_id": "ee5afe16-1674-4c38-9100-d47d7cee610d",
    "type": "dataset",
    "resources": [
        {
            "mimetype": "image/png",
            "cache_url": null,
            "hash": "",
            "description": "Screenshot of License Selector",
            "name": "6.png",
            "format": "PNG",
            "url": "http://localhost:5000/dataset/251d725c-8575-4a6e-b89b-9fcacd7e56e6/resource/9f283578-2609-4133-97bd-04bdb1b4a414/download/6.png",
            "cache_last_updated": null,
            "package_id": "251d725c-8575-4a6e-b89b-9fcacd7e56e6",
            "created": "2018-05-29T08:30:02.225688",
            "state": "active",
            "mimetype_inner": null,
            "last_modified": "2018-05-29T08:30:02.195815",
            "position": 0,
            "revision_id": "828c14c6-5448-45a6-a0f7-f8b6c1dde19d",
            "url_type": "upload",
            "id": "9f283578-2609-4133-97bd-04bdb1b4a414",
            "resource_type": null,
            "size": 79585
        }
    ],
    "num_resources": 1,
    "tags": [],
    "groups": [],
    "license_id": "cc-by",
    "relationships_as_subject": [],
    "organization": {
        "description": "Organization for Testing Purposes",
        "created": "2018-05-29T07:01:25.867127",
        "title": "",
        "name": "organization-for-tests",
        "is_organization": true,
        "state": "active",
        "image_url": "",
        "revision_id": "b9f5b9cb-4a42-4424-bbc0-79d54a641ce3",
        "type": "organization",
        "id": "69af1358-cf57-48dd-890d-c269ba3cc798",
        "approval_status": "approved"
    },
    "name": "license-selector-screenshot",
    "isopen": true,
    "url": null,
    "notes": "A screenshot of the License-Selector",
    "owner_org": "69af1358-cf57-48dd-890d-c269ba3cc798",
    "extras": [],
    "license_url": "http://www.opendefinition.org/licenses/cc-by",
    "title": "License Selector Screenshot",
    "revision_id": "8cca62e9-68cd-4a34-9f2f-85dc579bc8f8"
}
{
    "license_title": "Creative Commons Attribution",
    "maintainer": "Georg Hagmann",
    "relationships_as_object": [],
    "private": false,
    "maintainer_email": "georg.hagmann@tuwien.ac.at",
    "num_tags": 0,
    "id": "8cfd7e37-4d04-4541-b648-f3f115501733",
    "metadata_created": "2018-05-29T08:30:02.388548",
    "metadata_modified": "2018-05-29T08:30:02.580097",
    "author": "Georg Hagmann",
    "author_email": "georg.hagmann@tuwien.ac.at",
    "state": "active",
    "version": "1.0",
    "creator_user_id": "ee5afe16-1674-4c38-9100-d47d7cee610d",
    "type": "dataset",
    "resources": [
        {
            "mimetype": "image/png",
            "cache_url": null,
            "hash": "",
            "description": "A Graphic comparing student enrollments in Germany and Austria.",
            "name": "students.png",
            "format": "PNG",
            "url": "http://localhost:5000/dataset/8cfd7e37-4d04-4541-b648-f3f115501733/resource/2994c36b-6433-4274-8539-446cc09848e4/download/students.png",
            "cache_last_updated": null,
            "package_id": "8cfd7e37-4d04-4541-b648-f3f115501733",
            "created": "2018-05-29T08:30:02.597359",
            "state": "active",
            "mimetype_inner": null,
            "last_modified": "2018-05-29T08:30:02.564396",
            "position": 0,
            "revision_id": "2a65d7fb-2d89-4d23-a5f1-b76e4a384f68",
            "url_type": "upload",
            "id": "2994c36b-6433-4274-8539-446cc09848e4",
            "resource_type": null,
            "size": 19058
        }
    ],
    "num_resources": 1,
    "tags": [],
    "groups": [
        {
            "display_name": "Digital Preservation - SS18 - Lab 1.1 - Students Analysis",
            "description": "Combination of different datasets to create a comparison of the total number of students in Germany and Austria from the winter semester 2003 to 2016.",
            "image_display_url": "",
            "title": "Digital Preservation - SS18 - Lab 1.1 - Students Analysis",
            "id": "af59aa59-7c1e-499f-b80b-187e98af65b0",
            "name": "dpue-lab1-1"
        }
    ],
    "license_id": "cc-by",
    "relationships_as_subject": [],
    "organization": {
        "description": "Organization for Testing Purposes",
        "created": "2018-05-29T07:01:25.867127",
        "title": "",
        "name": "organization-for-tests",
        "is_organization": true,
        "state": "active",
        "image_url": "",
        "revision_id": "b9f5b9cb-4a42-4424-bbc0-79d54a641ce3",
        "type": "organization",
        "id": "69af1358-cf57-48dd-890d-c269ba3cc798",
        "approval_status": "approved"
    },
    "name": "students-graphic",
    "isopen": true,
    "url": null,
    "notes": "A Graphic comparing student enrollments in Germany and Austria",
    "owner_org": "69af1358-cf57-48dd-890d-c269ba3cc798",
    "extras": [],
    "license_url": "http://www.opendefinition.org/licenses/cc-by",
    "title": "Students Graphic",
    "revision_id": "4a91a66c-c8c5-47b0-b695-6a342ea5a964"
}
{
    "license_title": "Creative Commons Attribution",
    "maintainer": "Georg Hagmann",
    "relationships_as_object": [],
    "private": false,
    "maintainer_email": "georg.hagmann@tuwien.ac.at",
    "num_tags": 0,
    "id": "7ff42dc2-2c48-4c57-bf91-25258436e88d",
    "metadata_created": "2018-05-29T08:30:04.212844",
    "metadata_modified": "2018-05-29T08:30:04.444752",
    "author": "Georg Hagmann",
    "author_email": "georg.hagmann@tuwien.ac.at",
    "state": "active",
    "version": "1.0",
    "creator_user_id": "ee5afe16-1674-4c38-9100-d47d7cee610d",
    "type": "dataset",
    "resources": [
        {
            "mimetype": "video/mp4",
            "cache_url": null,
            "hash": "",
            "description": "Personal Video File used for DPUE Task 2.",
            "name": "video_2017-07-04_21-19-20.mp4",
            "format": "video/mp4",
            "url": "http://localhost:5000/dataset/7ff42dc2-2c48-4c57-bf91-25258436e88d/resource/2703cab6-11ae-43f3-b7e7-2ba37775d821/download/video_2017-07-04_21-19-20.mp4",
            "cache_last_updated": null,
            "package_id": "7ff42dc2-2c48-4c57-bf91-25258436e88d",
            "created": "2018-05-29T08:30:04.455259",
            "state": "active",
            "mimetype_inner": null,
            "last_modified": "2018-05-29T08:30:04.428263",
            "position": 0,
            "revision_id": "a7539ca6-4cf7-467d-9312-620e51be21d4",
            "url_type": "upload",
            "id": "2703cab6-11ae-43f3-b7e7-2ba37775d821",
            "resource_type": null,
            "size": 740175
        }
    ],
    "num_resources": 1,
    "tags": [],
    "groups": [],
    "license_id": "cc-by",
    "relationships_as_subject": [],
    "organization": {
        "description": "Organization for Testing Purposes",
        "created": "2018-05-29T07:01:25.867127",
        "title": "",
        "name": "organization-for-tests",
        "is_organization": true,
        "state": "active",
        "image_url": "",
        "revision_id": "b9f5b9cb-4a42-4424-bbc0-79d54a641ce3",
        "type": "organization",
        "id": "69af1358-cf57-48dd-890d-c269ba3cc798",
        "approval_status": "approved"
    },
    "name": "video-sample-1",
    "isopen": true,
    "url": null,
    "notes": "Video Sample for DPUE 2",
    "owner_org": "69af1358-cf57-48dd-890d-c269ba3cc798",
    "extras": [
        {
            "key": "Bitrate",
            "value": "541"
        },
        {
            "key": "Length",
            "value": "10"
        }
    ],
    "license_url": "http://www.opendefinition.org/licenses/cc-by",
    "title": "Video Sample 1",
    "revision_id": "43e865bc-81dc-4c6b-8e8d-f6d8db24e10d"
}
{
    "license_title": "Creative Commons Attribution",
    "maintainer": "Georg Hagmann",
    "relationships_as_object": [],
    "private": false,
    "maintainer_email": "georg.hagmann@tuwien.ac.at",
    "num_tags": 0,
    "id": "49a452fa-8893-4180-ac50-39f646aa6abf",
    "metadata_created": "2018-05-29T08:30:04.619864",
    "metadata_modified": "2018-05-29T08:30:05.299487",
    "author": "Georg Hagmann",
    "author_email": "georg.hagmann@tuwien.ac.at",
    "state": "active",
    "version": "1.0",
    "creator_user_id": "ee5afe16-1674-4c38-9100-d47d7cee610d",
    "type": "dataset",
    "resources": [
        {
            "mimetype": "video/mp4",
            "cache_url": null,
            "hash": "",
            "description": "Personal Video File used for DPUE Task 2.",
            "name": "video_2018-03-15_19-47-59.mp4",
            "format": "video/mp4",
            "url": "http://localhost:5000/dataset/49a452fa-8893-4180-ac50-39f646aa6abf/resource/85038ecf-1c36-476e-a0ee-547ccbe523f6/download/video_2018-03-15_19-47-59.mp4",
            "cache_last_updated": null,
            "package_id": "49a452fa-8893-4180-ac50-39f646aa6abf",
            "created": "2018-05-29T08:30:05.316170",
            "state": "active",
            "mimetype_inner": null,
            "last_modified": "2018-05-29T08:30:05.284944",
            "position": 0,
            "revision_id": "86ee94e4-39bf-4f85-9976-970004ca2331",
            "url_type": "upload",
            "id": "85038ecf-1c36-476e-a0ee-547ccbe523f6",
            "resource_type": null,
            "size": 15143501
        }
    ],
    "num_resources": 1,
    "tags": [],
    "groups": [],
    "license_id": "cc-by",
    "relationships_as_subject": [],
    "organization": {
        "description": "Organization for Testing Purposes",
        "created": "2018-05-29T07:01:25.867127",
        "title": "",
        "name": "organization-for-tests",
        "is_organization": true,
        "state": "active",
        "image_url": "",
        "revision_id": "b9f5b9cb-4a42-4424-bbc0-79d54a641ce3",
        "type": "organization",
        "id": "69af1358-cf57-48dd-890d-c269ba3cc798",
        "approval_status": "approved"
    },
    "name": "video-sample-2",
    "isopen": true,
    "url": null,
    "notes": "Video Sample for DPUE 2",
    "owner_org": "69af1358-cf57-48dd-890d-c269ba3cc798",
    "extras": [
        {
            "key": "Bitrate",
            "value": "1730"
        },
        {
            "key": "Length",
            "value": "7"
        }
    ],
    "license_url": "http://www.opendefinition.org/licenses/cc-by",
    "title": "Video Sample 2",
    "revision_id": "ffc0d7ad-ed40-49b9-81a4-660385cef301"
}
